2022-05-29 00:47:51,170 INFO com.example.bank.BankApplication [main] Starting BankApplication using Java 17.0.2 on LAPTOP-KONSVPDH with PID 16768 (C:\Users\arsha\IdeaProjects\Bank\target\classes started by arsha in C:\Users\arsha\IdeaProjects\Bank)
2022-05-29 00:47:51,172 INFO com.example.bank.BankApplication [main] No active profile set, falling back to 1 default profile: "default"
2022-05-29 00:47:51,620 INFO org.springframework.data.repository.config.RepositoryConfigurationDelegate [main] Bootstrapping Spring Data JPA repositories in DEFAULT mode.
2022-05-29 00:47:51,655 INFO org.springframework.data.repository.config.RepositoryConfigurationDelegate [main] Finished Spring Data repository scanning in 31 ms. Found 5 JPA repository interfaces.
2022-05-29 00:47:52,039 INFO org.springframework.boot.web.embedded.tomcat.TomcatWebServer [main] Tomcat initialized with port(s): 8080 (http)
2022-05-29 00:47:52,044 INFO org.apache.catalina.core.StandardService [main] Starting service [Tomcat]
2022-05-29 00:47:52,045 INFO org.apache.catalina.core.StandardEngine [main] Starting Servlet engine: [Apache Tomcat/9.0.63]
2022-05-29 00:47:52,112 INFO org.apache.catalina.core.ContainerBase.[Tomcat].[localhost].[/] [main] Initializing Spring embedded WebApplicationContext
2022-05-29 00:47:52,112 INFO org.springframework.boot.web.servlet.context.ServletWebServerApplicationContext [main] Root WebApplicationContext: initialization completed in 902 ms
2022-05-29 00:47:52,196 INFO org.hibernate.jpa.internal.util.LogHelper [main] HHH000204: Processing PersistenceUnitInfo [name: default]
2022-05-29 00:47:52,219 INFO org.hibernate.Version [main] HHH000412: Hibernate ORM core version 5.6.9.Final
2022-05-29 00:47:52,280 INFO org.hibernate.annotations.common.Version [main] HCANN000001: Hibernate Commons Annotations {5.1.2.Final}
2022-05-29 00:47:52,321 INFO com.zaxxer.hikari.HikariDataSource [main] HikariPool-1 - Starting...
2022-05-29 00:47:52,508 INFO com.zaxxer.hikari.HikariDataSource [main] HikariPool-1 - Start completed.
2022-05-29 00:47:52,514 INFO org.hibernate.dialect.Dialect [main] HHH000400: Using dialect: org.hibernate.dialect.MySQL8Dialect
2022-05-29 00:47:52,971 INFO org.hibernate.engine.transaction.jta.platform.internal.JtaPlatformInitiator [main] HHH000490: Using JtaPlatform implementation: [org.hibernate.engine.transaction.jta.platform.internal.NoJtaPlatform]
2022-05-29 00:47:52,976 INFO org.springframework.orm.jpa.LocalContainerEntityManagerFactoryBean [main] Initialized JPA EntityManagerFactory for persistence unit 'default'
2022-05-29 00:47:53,333 WARN org.springframework.boot.autoconfigure.orm.jpa.JpaBaseConfiguration$JpaWebConfiguration [main] spring.jpa.open-in-view is enabled by default. Therefore, database queries may be performed during view rendering. Explicitly configure spring.jpa.open-in-view to disable this warning
2022-05-29 00:47:53,556 INFO org.springframework.boot.web.embedded.tomcat.TomcatWebServer [main] Tomcat started on port(s): 8080 (http) with context path ''
2022-05-29 00:47:53,563 INFO com.example.bank.BankApplication [main] Started BankApplication in 2.632 seconds (JVM running for 3.081)
2022-05-29 00:48:20,084 INFO org.apache.catalina.core.ContainerBase.[Tomcat].[localhost].[/] [http-nio-8080-exec-1] Initializing Spring DispatcherServlet 'dispatcherServlet'
2022-05-29 00:48:20,084 INFO org.springframework.web.servlet.DispatcherServlet [http-nio-8080-exec-1] Initializing Servlet 'dispatcherServlet'
2022-05-29 00:48:20,084 INFO org.springframework.web.servlet.DispatcherServlet [http-nio-8080-exec-1] Completed initialization in 0 ms
2022-05-29 00:48:20,285 INFO com.example.bank.aop.BankLoggingAspect [http-nio-8080-exec-1] begin of create
2022-05-29 00:48:20,392 INFO com.example.bank.aop.BankLoggingAspect [http-nio-8080-exec-1] end of create
2022-05-29 00:48:38,417 INFO org.springframework.orm.jpa.LocalContainerEntityManagerFactoryBean [SpringApplicationShutdownHook] Closing JPA EntityManagerFactory for persistence unit 'default'
2022-05-29 00:48:38,418 INFO com.zaxxer.hikari.HikariDataSource [SpringApplicationShutdownHook] HikariPool-1 - Shutdown initiated...
2022-05-29 00:48:38,425 INFO com.zaxxer.hikari.HikariDataSource [SpringApplicationShutdownHook] HikariPool-1 - Shutdown completed.
